# JRE version: Java(TM) SE Runtime Environment (7.0_51-b13) (build 1.7.0_51-b13)
# Java VM: Java HotSpot(TM) 64-Bit Server VM (24.51-b03 mixed mode windows-amd64 compressed oops)
Heap
 PSYoungGen      total 136192K, used 43663K [0x00000007d5f00000, 0x00000007de900000, 0x0000000800000000)
  eden space 131072K, 29% used [0x00000007d5f00000,0x00000007d84a44b0,0x00000007ddf00000)
  from space 5120K, 99% used [0x00000007de400000,0x00000007de8ff910,0x00000007de900000)
  to   space 5120K, 0% used [0x00000007ddf00000,0x00000007ddf00000,0x00000007de400000)
 ParOldGen       total 86016K, used 15333K [0x0000000781e00000, 0x0000000787200000, 0x00000007d5f00000)
  object space 86016K, 17% used [0x0000000781e00000,0x0000000782cf9658,0x0000000787200000)
 PSPermGen       total 34304K, used 33852K [0x000000077cc00000, 0x000000077ed80000, 0x0000000781e00000)
  object space 34304K, 98% used [0x000000077cc00000,0x000000077ed0f3a0,0x000000077ed80000)
GC Heap History (8 events):
Event: 1.196 GC heap before
{Heap before GC invocations=1 (full 0):
 PSYoungGen      total 37888K, used 32768K [0x00000007d5f00000, 0x00000007d8900000, 0x0000000800000000)
  eden space 32768K, 100% used [0x00000007d5f00000,0x00000007d7f00000,0x00000007d7f00000)
  from space 5120K, 0% used [0x00000007d8400000,0x00000007d8400000,0x00000007d8900000)
  to   space 5120K, 0% used [0x00000007d7f00000,0x00000007d7f00000,0x00000007d8400000)
 ParOldGen       total 86016K, used 0K [0x0000000781e00000, 0x0000000787200000, 0x00000007d5f00000)
  object space 86016K, 0% used [0x0000000781e00000,0x0000000781e00000,0x0000000787200000)
 PSPermGen       total 21504K, used 10598K [0x000000077cc00000, 0x000000077e100000, 0x0000000781e00000)
  object space 21504K, 49% used [0x000000077cc00000,0x000000077d659860,0x000000077e100000)
Event: 1.208 GC heap after
Heap after GC invocations=1 (full 0):
 PSYoungGen      total 37888K, used 5090K [0x00000007d5f00000, 0x00000007da900000, 0x0000000800000000)
  eden space 32768K, 0% used [0x00000007d5f00000,0x00000007d5f00000,0x00000007d7f00000)
  from space 5120K, 99% used [0x00000007d7f00000,0x00000007d83f8848,0x00000007d8400000)
  to   space 5120K, 0% used [0x00000007da400000,0x00000007da400000,0x00000007da900000)
 ParOldGen       total 86016K, used 199K [0x0000000781e00000, 0x0000000787200000, 0x00000007d5f00000)
  object space 86016K, 0% used [0x0000000781e00000,0x0000000781e31f18,0x0000000787200000)
 PSPermGen       total 21504K, used 10598K [0x000000077cc00000, 0x000000077e100000, 0x0000000781e00000)
  object space 21504K, 49% used [0x000000077cc00000,0x000000077d659860,0x000000077e100000)
}
Event: 1.756 GC heap before
{Heap before GC invocations=2 (full 0):
 PSYoungGen      total 37888K, used 37858K [0x00000007d5f00000, 0x00000007da900000, 0x0000000800000000)
  eden space 32768K, 100% used [0x00000007d5f00000,0x00000007d7f00000,0x00000007d7f00000)
  from space 5120K, 99% used [0x00000007d7f00000,0x00000007d83f8848,0x00000007d8400000)
  to   space 5120K, 0% used [0x00000007da400000,0x00000007da400000,0x00000007da900000)
 ParOldGen       total 86016K, used 199K [0x0000000781e00000, 0x0000000787200000, 0x00000007d5f00000)
  object space 86016K, 0% used [0x0000000781e00000,0x0000000781e31f18,0x0000000787200000)
 PSPermGen       total 21504K, used 12832K [0x000000077cc00000, 0x000000077e100000, 0x0000000781e00000)
  object space 21504K, 59% used [0x000000077cc00000,0x000000077d8883e0,0x000000077e100000)
Event: 1.769 GC heap after
Heap after GC invocations=2 (full 0):
 PSYoungGen      total 70656K, used 4884K [0x00000007d5f00000, 0x00000007da900000, 0x0000000800000000)
  eden space 65536K, 0% used [0x00000007d5f00000,0x00000007d5f00000,0x00000007d9f00000)
  from space 5120K, 95% used [0x00000007da400000,0x00000007da8c50f0,0x00000007da900000)
  to   space 5120K, 0% used [0x00000007d9f00000,0x00000007d9f00000,0x00000007da400000)
 ParOldGen       total 86016K, used 207K [0x0000000781e00000, 0x0000000787200000, 0x00000007d5f00000)
  object space 86016K, 0% used [0x0000000781e00000,0x0000000781e33f18,0x0000000787200000)
 PSPermGen       total 21504K, used 12832K [0x000000077cc00000, 0x000000077e100000, 0x0000000781e00000)
  object space 21504K, 59% used [0x000000077cc00000,0x000000077d8883e0,0x000000077e100000)
}
Event: 3.190 GC heap before
{Heap before GC invocations=3 (full 0):
 PSYoungGen      total 70656K, used 70420K [0x00000007d5f00000, 0x00000007da900000, 0x0000000800000000)
  eden space 65536K, 100% used [0x00000007d5f00000,0x00000007d9f00000,0x00000007d9f00000)
  from space 5120K, 95% used [0x00000007da400000,0x00000007da8c50f0,0x00000007da900000)
  to   space 5120K, 0% used [0x00000007d9f00000,0x00000007d9f00000,0x00000007da400000)
 ParOldGen       total 86016K, used 207K [0x0000000781e00000, 0x0000000787200000, 0x00000007d5f00000)
  object space 86016K, 0% used [0x0000000781e00000,0x0000000781e33f18,0x0000000787200000)
 PSPermGen       total 22528K, used 22488K [0x000000077cc00000, 0x000000077e200000, 0x0000000781e00000)
  object space 22528K, 99% used [0x000000077cc00000,0x000000077e1f62d8,0x000000077e200000)
Event: 3.208 GC heap after
Heap after GC invocations=3 (full 0):
 PSYoungGen      total 70656K, used 5098K [0x00000007d5f00000, 0x00000007de900000, 0x0000000800000000)
  eden space 65536K, 0% used [0x00000007d5f00000,0x00000007d5f00000,0x00000007d9f00000)
  from space 5120K, 99% used [0x00000007d9f00000,0x00000007da3fa8e0,0x00000007da400000)
  to   space 5120K, 0% used [0x00000007de400000,0x00000007de400000,0x00000007de900000)
 ParOldGen       total 86016K, used 5999K [0x0000000781e00000, 0x0000000787200000, 0x00000007d5f00000)
  object space 86016K, 6% used [0x0000000781e00000,0x00000007823dbe80,0x0000000787200000)
 PSPermGen       total 22528K, used 22488K [0x000000077cc00000, 0x000000077e200000, 0x0000000781e00000)
  object space 22528K, 99% used [0x000000077cc00000,0x000000077e1f62d8,0x000000077e200000)
}
Event: 4.470 GC heap before
{Heap before GC invocations=4 (full 0):
 PSYoungGen      total 70656K, used 70634K [0x00000007d5f00000, 0x00000007de900000, 0x0000000800000000)
  eden space 65536K, 100% used [0x00000007d5f00000,0x00000007d9f00000,0x00000007d9f00000)
  from space 5120K, 99% used [0x00000007d9f00000,0x00000007da3fa8e0,0x00000007da400000)
  to   space 5120K, 0% used [0x00000007de400000,0x00000007de400000,0x00000007de900000)
 ParOldGen       total 86016K, used 5999K [0x0000000781e00000, 0x0000000787200000, 0x00000007d5f00000)
  object space 86016K, 6% used [0x0000000781e00000,0x00000007823dbe80,0x0000000787200000)
 PSPermGen       total 30208K, used 29920K [0x000000077cc00000, 0x000000077e980000, 0x0000000781e00000)
  object space 30208K, 99% used [0x000000077cc00000,0x000000077e9380e0,0x000000077e980000)
Event: 4.493 GC heap after
Heap after GC invocations=4 (full 0):
 PSYoungGen      total 136192K, used 5118K [0x00000007d5f00000, 0x00000007de900000, 0x0000000800000000)
  eden space 131072K, 0% used [0x00000007d5f00000,0x00000007d5f00000,0x00000007ddf00000)
  from space 5120K, 99% used [0x00000007de400000,0x00000007de8ff910,0x00000007de900000)
  to   space 5120K, 0% used [0x00000007ddf00000,0x00000007ddf00000,0x00000007de400000)
 ParOldGen       total 86016K, used 15333K [0x0000000781e00000, 0x0000000787200000, 0x00000007d5f00000)
  object space 86016K, 17% used [0x0000000781e00000,0x0000000782cf9658,0x0000000787200000)
 PSPermGen       total 30208K, used 29920K [0x000000077cc00000, 0x000000077e980000, 0x0000000781e00000)
  object space 30208K, 99% used [0x000000077cc00000,0x000000077e9380e0,0x000000077e980000)
}

