# JRE version: Java(TM) SE Runtime Environment (7.0_51-b13) (build 1.7.0_51-b13)
# Java VM: Java HotSpot(TM) 64-Bit Server VM (24.51-b03 mixed mode windows-amd64 compressed oops)
Heap
 PSYoungGen      total 70656K, used 56869K [0x00000007d5f00000, 0x00000007dfa00000, 0x0000000800000000)
  eden space 65536K, 78% used [0x00000007d5f00000,0x00000007d918dbc0,0x00000007d9f00000)
  from space 5120K, 99% used [0x00000007d9f00000,0x00000007da3fb920,0x00000007da400000)
  to   space 13824K, 0% used [0x00000007dec80000,0x00000007dec80000,0x00000007dfa00000)
 ParOldGen       total 86016K, used 13657K [0x0000000781e00000, 0x0000000787200000, 0x00000007d5f00000)
  object space 86016K, 15% used [0x0000000781e00000,0x0000000782b56700,0x0000000787200000)
 PSPermGen       total 35328K, used 35135K [0x000000077cc00000, 0x000000077ee80000, 0x0000000781e00000)
  object space 35328K, 99% used [0x000000077cc00000,0x000000077ee4fed0,0x000000077ee80000)
GC Heap History (10 events):
Event: 1.138 GC heap before
{Heap before GC invocations=1 (full 0):
 PSYoungGen      total 37888K, used 32768K [0x00000007d5f00000, 0x00000007d8900000, 0x0000000800000000)
  eden space 32768K, 100% used [0x00000007d5f00000,0x00000007d7f00000,0x00000007d7f00000)
  from space 5120K, 0% used [0x00000007d8400000,0x00000007d8400000,0x00000007d8900000)
  to   space 5120K, 0% used [0x00000007d7f00000,0x00000007d7f00000,0x00000007d8400000)
 ParOldGen       total 86016K, used 0K [0x0000000781e00000, 0x0000000787200000, 0x00000007d5f00000)
  object space 86016K, 0% used [0x0000000781e00000,0x0000000781e00000,0x0000000787200000)
 PSPermGen       total 21504K, used 10598K [0x000000077cc00000, 0x000000077e100000, 0x0000000781e00000)
  object space 21504K, 49% used [0x000000077cc00000,0x000000077d659860,0x000000077e100000)
Event: 1.146 GC heap after
Heap after GC invocations=1 (full 0):
 PSYoungGen      total 37888K, used 5098K [0x00000007d5f00000, 0x00000007d8900000, 0x0000000800000000)
  eden space 32768K, 0% used [0x00000007d5f00000,0x00000007d5f00000,0x00000007d7f00000)
  from space 5120K, 99% used [0x00000007d7f00000,0x00000007d83fa818,0x00000007d8400000)
  to   space 5120K, 0% used [0x00000007d8400000,0x00000007d8400000,0x00000007d8900000)
 ParOldGen       total 86016K, used 109K [0x0000000781e00000, 0x0000000787200000, 0x00000007d5f00000)
  object space 86016K, 0% used [0x0000000781e00000,0x0000000781e1b770,0x0000000787200000)
 PSPermGen       total 21504K, used 10598K [0x000000077cc00000, 0x000000077e100000, 0x0000000781e00000)
  object space 21504K, 49% used [0x000000077cc00000,0x000000077d659860,0x000000077e100000)
}
Event: 1.697 GC heap before
{Heap before GC invocations=2 (full 0):
 PSYoungGen      total 37888K, used 37866K [0x00000007d5f00000, 0x00000007d8900000, 0x0000000800000000)
  eden space 32768K, 100% used [0x00000007d5f00000,0x00000007d7f00000,0x00000007d7f00000)
  from space 5120K, 99% used [0x00000007d7f00000,0x00000007d83fa818,0x00000007d8400000)
  to   space 5120K, 0% used [0x00000007d8400000,0x00000007d8400000,0x00000007d8900000)
 ParOldGen       total 86016K, used 109K [0x0000000781e00000, 0x0000000787200000, 0x00000007d5f00000)
  object space 86016K, 0% used [0x0000000781e00000,0x0000000781e1b770,0x0000000787200000)
 PSPermGen       total 21504K, used 12829K [0x000000077cc00000, 0x000000077e100000, 0x0000000781e00000)
  object space 21504K, 59% used [0x000000077cc00000,0x000000077d8874c8,0x000000077e100000)
Event: 1.714 GC heap after
Heap after GC invocations=2 (full 0):
 PSYoungGen      total 37888K, used 4802K [0x00000007d5f00000, 0x00000007da900000, 0x0000000800000000)
  eden space 32768K, 0% used [0x00000007d5f00000,0x00000007d5f00000,0x00000007d7f00000)
  from space 5120K, 93% used [0x00000007d8400000,0x00000007d88b0800,0x00000007d8900000)
  to   space 5120K, 0% used [0x00000007d7f00000,0x00000007d7f00000,0x00000007d8400000)
 ParOldGen       total 86016K, used 109K [0x0000000781e00000, 0x0000000787200000, 0x00000007d5f00000)
  object space 86016K, 0% used [0x0000000781e00000,0x0000000781e1b770,0x0000000787200000)
 PSPermGen       total 21504K, used 12829K [0x000000077cc00000, 0x000000077e100000, 0x0000000781e00000)
  object space 21504K, 59% used [0x000000077cc00000,0x000000077d8874c8,0x000000077e100000)
}
Event: 2.309 GC heap before
{Heap before GC invocations=3 (full 0):
 PSYoungGen      total 37888K, used 37570K [0x00000007d5f00000, 0x00000007da900000, 0x0000000800000000)
  eden space 32768K, 100% used [0x00000007d5f00000,0x00000007d7f00000,0x00000007d7f00000)
  from space 5120K, 93% used [0x00000007d8400000,0x00000007d88b0800,0x00000007d8900000)
  to   space 5120K, 0% used [0x00000007d7f00000,0x00000007d7f00000,0x00000007d8400000)
 ParOldGen       total 86016K, used 109K [0x0000000781e00000, 0x0000000787200000, 0x00000007d5f00000)
  object space 86016K, 0% used [0x0000000781e00000,0x0000000781e1b770,0x0000000787200000)
 PSPermGen       total 21504K, used 17150K [0x000000077cc00000, 0x000000077e100000, 0x0000000781e00000)
  object space 21504K, 79% used [0x000000077cc00000,0x000000077dcbf880,0x000000077e100000)
Event: 2.318 GC heap after
Heap after GC invocations=3 (full 0):
 PSYoungGen      total 37888K, used 5106K [0x00000007d5f00000, 0x00000007da900000, 0x0000000800000000)
  eden space 32768K, 0% used [0x00000007d5f00000,0x00000007d5f00000,0x00000007d7f00000)
  from space 5120K, 99% used [0x00000007d7f00000,0x00000007d83fcaa0,0x00000007d8400000)
  to   space 5120K, 0% used [0x00000007da400000,0x00000007da400000,0x00000007da900000)
 ParOldGen       total 86016K, used 1445K [0x0000000781e00000, 0x0000000787200000, 0x00000007d5f00000)
  object space 86016K, 1% used [0x0000000781e00000,0x0000000781f69430,0x0000000787200000)
 PSPermGen       total 21504K, used 17150K [0x000000077cc00000, 0x000000077e100000, 0x0000000781e00000)
  object space 21504K, 79% used [0x000000077cc00000,0x000000077dcbf880,0x000000077e100000)
}
Event: 3.032 GC heap before
{Heap before GC invocations=4 (full 0):
 PSYoungGen      total 37888K, used 37874K [0x00000007d5f00000, 0x00000007da900000, 0x0000000800000000)
  eden space 32768K, 100% used [0x00000007d5f00000,0x00000007d7f00000,0x00000007d7f00000)
  from space 5120K, 99% used [0x00000007d7f00000,0x00000007d83fcaa0,0x00000007d8400000)
  to   space 5120K, 0% used [0x00000007da400000,0x00000007da400000,0x00000007da900000)
 ParOldGen       total 86016K, used 1445K [0x0000000781e00000, 0x0000000787200000, 0x00000007d5f00000)
  object space 86016K, 1% used [0x0000000781e00000,0x0000000781f69430,0x0000000787200000)
 PSPermGen       total 22528K, used 22527K [0x000000077cc00000, 0x000000077e200000, 0x0000000781e00000)
  object space 22528K, 99% used [0x000000077cc00000,0x000000077e1ffc08,0x000000077e200000)
Event: 3.045 GC heap after
Heap after GC invocations=4 (full 0):
 PSYoungGen      total 70656K, used 5098K [0x00000007d5f00000, 0x00000007da900000, 0x0000000800000000)
  eden space 65536K, 0% used [0x00000007d5f00000,0x00000007d5f00000,0x00000007d9f00000)
  from space 5120K, 99% used [0x00000007da400000,0x00000007da8fa8e0,0x00000007da900000)
  to   space 5120K, 0% used [0x00000007d9f00000,0x00000007d9f00000,0x00000007da400000)
 ParOldGen       total 86016K, used 4311K [0x0000000781e00000, 0x0000000787200000, 0x00000007d5f00000)
  object space 86016K, 5% used [0x0000000781e00000,0x0000000782235cc8,0x0000000787200000)
 PSPermGen       total 22528K, used 22527K [0x000000077cc00000, 0x000000077e200000, 0x0000000781e00000)
  object space 22528K, 99% used [0x000000077cc00000,0x000000077e1ffc08,0x000000077e200000)
}
Event: 9.765 GC heap before
{Heap before GC invocations=5 (full 0):
 PSYoungGen      total 70656K, used 70634K [0x00000007d5f00000, 0x00000007da900000, 0x0000000800000000)
  eden space 65536K, 100% used [0x00000007d5f00000,0x00000007d9f00000,0x00000007d9f00000)
  from space 5120K, 99% used [0x00000007da400000,0x00000007da8fa8e0,0x00000007da900000)
  to   space 5120K, 0% used [0x00000007d9f00000,0x00000007d9f00000,0x00000007da400000)
 ParOldGen       total 86016K, used 4311K [0x0000000781e00000, 0x0000000787200000, 0x00000007d5f00000)
  object space 86016K, 5% used [0x0000000781e00000,0x0000000782235cc8,0x0000000787200000)
 PSPermGen       total 30208K, used 29950K [0x000000077cc00000, 0x000000077e980000, 0x0000000781e00000)
  object space 30208K, 99% used [0x000000077cc00000,0x000000077e93f880,0x000000077e980000)
Event: 9.786 GC heap after
Heap after GC invocations=5 (full 0):
 PSYoungGen      total 70656K, used 5102K [0x00000007d5f00000, 0x00000007dfa00000, 0x0000000800000000)
  eden space 65536K, 0% used [0x00000007d5f00000,0x00000007d5f00000,0x00000007d9f00000)
  from space 5120K, 99% used [0x00000007d9f00000,0x00000007da3fb920,0x00000007da400000)
  to   space 13824K, 0% used [0x00000007dec80000,0x00000007dec80000,0x00000007dfa00000)
 ParOldGen       total 86016K, used 13657K [0x0000000781e00000, 0x0000000787200000, 0x00000007d5f00000)
  object space 86016K, 15% used [0x0000000781e00000,0x0000000782b56700,0x0000000787200000)
 PSPermGen       total 30208K, used 29950K [0x000000077cc00000, 0x000000077e980000, 0x0000000781e00000)
  object space 30208K, 99% used [0x000000077cc00000,0x000000077e93f880,0x000000077e980000)
}

